<?xml version="1.0" encoding="UTF-8"?>
<testsuites>
  <testsuite name="hello" timestamp="2024-07-20T11:53:28Z" hostname="46d39e5aed99" tests="3" skipped="0" failures="0" errors="0" time="0.212">
    <testcase time="0.012" classname="hello" name="hello_works"/>
    <testcase time="0.188" classname="hello" name="hello_cli_works"/>
    <testcase time="0.012" classname="hello" name="fix_me_fixed"/>
  </testsuite>
</testsuites>
