<?xml version="1.0" encoding="UTF-8"?>
<testsuites>
  <testsuite name="hello" timestamp="2024-07-22T08:58:44Z" hostname="479203e67e67" tests="3" skipped="0" failures="0" errors="0" time="0.238">
    <testcase time="0.014" classname="hello" name="hello_works"/>
    <testcase time="0.211" classname="hello" name="hello_cli_works"/>
    <testcase time="0.013" classname="hello" name="fix_me_fixed"/>
  </testsuite>
</testsuites>
